Rapport ERC (2025-11-28T18:21:04+0100, Encodage UTF8)

***** Feuille /
[global_label_dangling]: Label global connecté à aucun autre élément dans la schématique
    ; warning
    @(2450 mils, 2700 mils): Label Global 'EXTi_CS2'
[global_label_dangling]: Label global connecté à aucun autre élément dans la schématique
    ; warning
    @(2450 mils, 3000 mils): Label Global 'PWM_11'
[global_label_dangling]: Label global connecté à aucun autre élément dans la schématique
    ; warning
    @(2450 mils, 3100 mils): Label Global 'PWM_12'
[global_label_dangling]: Label global connecté à aucun autre élément dans la schématique
    ; warning
    @(4300 mils, 1950 mils): Label Global 'EXTI_CS1'
[global_label_dangling]: Label global connecté à aucun autre élément dans la schématique
    ; warning
    @(4600 mils, 1950 mils): Label Global 'CAN_RX'
[global_label_dangling]: Label global connecté à aucun autre élément dans la schématique
    ; warning
    @(4700 mils, 1950 mils): Label Global 'CAN_TX'
[global_label_dangling]: Label global connecté à aucun autre élément dans la schématique
    ; warning
    @(3500 mils, 5850 mils): Label Global 'RSSI'
[global_label_dangling]: Label global connecté à aucun autre élément dans la schématique
    ; warning
    @(4000 mils, 5850 mils): Label Global 'UART7_TX'
[global_label_dangling]: Label global connecté à aucun autre élément dans la schématique
    ; warning
    @(4100 mils, 5850 mils): Label Global 'UART7_RTS'
[global_label_dangling]: Label global connecté à aucun autre élément dans la schématique
    ; warning
    @(4200 mils, 5850 mils): Label Global 'UART7_CTS'

***** Feuille /Power/

***** Feuille /MCU/

***** Feuille /Sensors/

***** Feuille /OSD/

***** Feuille /Blackbox_led/

***** Feuille /rf_rx/

***** Feuille /connectors/

** messages ERC: 10  Erreurs 0  Avertissements 10
